<?xml version="1.0" encoding="UTF-8" ?>
<testsuite failures="0" time="0.187" errors="0" skipped="0" tests="16" name="org.jparsec.java.TypeParserTest">
  <properties>
[...]
</properties>
  <testcase time="0.115" classname="org.jparsec.java.TypeParserTest" name="classNamesShouldDefaultToJavaLang"/>
  <testcase time="0" classname="org.jparsec.java.TypeParserTest" name="fullyQualifiedClassName"/>
  <testcase time="0.002" classname="org.jparsec.java.TypeParserTest" name="primitiveTypeName"/>
  <testcase time="0.002" classname="org.jparsec.java.TypeParserTest" name="primitiveArrayType"/>
  <testcase time="0.008" classname="org.jparsec.java.TypeParserTest" name="genericArrayType"/>
  <testcase time="0.001" classname="org.jparsec.java.TypeParserTest" name="recursiveGenericType"/>
  <testcase time="0.002" classname="org.jparsec.java.TypeParserTest" name="boundedWildcard"/>
  <testcase time="0.001" classname="org.jparsec.java.TypeParserTest" name="nestedClassName"/>
  <testcase time="0.001" classname="org.jparsec.java.TypeParserTest" name="wildcardTypeWithNoBound"/>
  <testcase time="0.001" classname="org.jparsec.java.TypeParserTest" name="wildcardTypeWithUpperBound"/>
  <testcase time="0.002" classname="org.jparsec.java.TypeParserTest" name="wildcardTypeWithLowerBound"/>
  <testcase time="0.001" classname="org.jparsec.java.TypeParserTest" name="parameterizedTypeWithOneType"/>
  <testcase time="0.004" classname="org.jparsec.java.TypeParserTest" name="parameterizedTypeWithTwoTypes"/>
  <testcase time="0.002" classname="org.jparsec.java.TypeParserTest" name="primitiveTypeCannotBeUsedAsTypeParameter"/>
  <testcase time="0" classname="org.jparsec.java.TypeParserTest" name="insufficientTypeParameters"/>
  <testcase time="0.006" classname="org.jparsec.java.TypeParserTest" name="tooManyTypeParameters"/>
</testsuite>